<?xml version="1.0" encoding="UTF-8"?>
<!-- Generated by org.testng.reporters.JUnitXMLReporter -->
<testsuite ignored="0" hostname="DESKTOP-A4TKI1L" failures="1" tests="4" name="Test" time="50.417" errors="0" timestamp="2020-09-08T23:03:30 IST">
  <testcase classname="end2end.End2EndProject.SignIn" name="loginValidation" time="15.265"/>
  <testcase classname="end2end.End2EndProject.SignIn" name="loginValidation" time="14.205"/>
  <testcase classname="end2end.End2EndProject.FieldValidation" name="displayofNavigationBar" time="10.677"/>
  <testcase classname="end2end.End2EndProject.FieldValidation" name="registerSpelling" time="9.096">
    <failure type="org.junit.ComparisonFailure" message="expected:&amp;lt;Register[]&amp;gt; but was:&amp;lt;Register[1]&amp;gt;">
      <![CDATA[org.junit.ComparisonFailure: expected:<Register[]> but was:<Register[1]>
at org.junit.Assert.assertEquals(Assert.java:115)
at org.junit.Assert.assertEquals(Assert.java:144)
at end2end.End2EndProject.FieldValidation.registerSpelling(FieldValidation.java:41)
at java.base/java.util.ArrayList.forEach(ArrayList.java:1510)
... Removed 27 stack frames]]>
    </failure>
  </testcase> <!-- registerSpelling -->
</testsuite> <!-- Test -->
