<?xml version="1.0" encoding="UTF-8"?>
<testng-results ignored="0" total="2" passed="2" failed="0" skipped="0">
  <reporter-output>
  </reporter-output>
  <suite started-at="2020-09-12T02:40:48 IST" name="Suite" finished-at="2020-09-12T02:41:20 IST" duration-ms="31624">
    <groups>
    </groups>
    <test started-at="2020-09-12T02:40:48 IST" name="Test" finished-at="2020-09-12T02:41:20 IST" duration-ms="31624">
      <class name="end2end.End2EndProject.FieldValidation">
        <test-method signature="displayofNavigationBar()[pri:0, instance:end2end.End2EndProject.FieldValidation@4ff8d125]" started-at="2020-09-12T02:40:48 IST" name="displayofNavigationBar" finished-at="2020-09-12T02:41:04 IST" duration-ms="15382" status="PASS">
          <reporter-output>
          </reporter-output>
        </test-method> <!-- displayofNavigationBar -->
        <test-method signature="registerSpelling()[pri:0, instance:end2end.End2EndProject.FieldValidation@4ff8d125]" started-at="2020-09-12T02:41:04 IST" name="registerSpelling" finished-at="2020-09-12T02:41:20 IST" duration-ms="16154" status="PASS">
          <reporter-output>
          </reporter-output>
        </test-method> <!-- registerSpelling -->
      </class> <!-- end2end.End2EndProject.FieldValidation -->
    </test> <!-- Test -->
  </suite> <!-- Suite -->
</testng-results>
